<?xml version="1.0" encoding="UTF-8"?>
<!-- Generated by org.testng.reporters.JUnitXMLReporter -->
<testsuite hostname="DESKTOP-884SLF0" ignored="2" name="Test" tests="5" failures="2" timestamp="01 May 2020 19:51:38 GMT" time="11.768" errors="0">
  <testcase name="@AfterMethod testverifyActiLogo1" time="0.004" classname="com.acti.Testcase.BaseTest">
    <failure type="org.openqa.selenium.NoSuchSessionException" message="invalid session id
Build info: version: &amp;apos;3.141.59&amp;apos;, revision: &amp;apos;e82be7d358&amp;apos;, time: &amp;apos;2018-11-14T08:17:03&amp;apos;
System info: host: &amp;apos;DESKTOP-884SLF0&amp;apos;, ip: &amp;apos;192.168.1.134&amp;apos;, os.name: &amp;apos;Windows 10&amp;apos;, os.arch: &amp;apos;amd64&amp;apos;, os.version: &amp;apos;10.0&amp;apos;, java.version: &amp;apos;1.8.0_241&amp;apos;
Driver info: org.openqa.selenium.chrome.ChromeDriver
Capabilities {acceptInsecureCerts: false, browserName: chrome, browserVersion: 81.0.4044.129, chrome: {chromedriverVersion: 80.0.3987.106 (f68069574609..., userDataDir: C:\Users\UMA\AppData\Local\...}, goog:chromeOptions: {debuggerAddress: localhost:65092}, javascriptEnabled: true, networkConnectionEnabled: false, pageLoadStrategy: normal, platform: WINDOWS, platformName: WINDOWS, proxy: Proxy(), setWindowRect: true, strictFileInteractability: false, timeouts: {implicit: 0, pageLoad: 300000, script: 30000}, unhandledPromptBehavior: dismiss and notify}
Session ID: 6144b4860ac68d1ecd25a2816017c65e">
      <![CDATA[org.openqa.selenium.NoSuchSessionException: invalid session idBuild info: version: '3.141.59', revision: 'e82be7d358', time: '2018-11-14T08:17:03'System info: host: 'DESKTOP-884SLF0', ip: '192.168.1.134', os.name: 'Windows 10', os.arch: 'amd64', os.version: '10.0', java.version: '1.8.0_241'Driver info: org.openqa.selenium.chrome.ChromeDriverCapabilities {acceptInsecureCerts: false, browserName: chrome, browserVersion: 81.0.4044.129, chrome: {chromedriverVersion: 80.0.3987.106 (f68069574609..., userDataDir: C:\Users\UMA\AppData\Local\...}, goog:chromeOptions: {debuggerAddress: localhost:65092}, javascriptEnabled: true, networkConnectionEnabled: false, pageLoadStrategy: normal, platform: WINDOWS, platformName: WINDOWS, proxy: Proxy(), setWindowRect: true, strictFileInteractability: false, timeouts: {implicit: 0, pageLoad: 300000, script: 30000}, unhandledPromptBehavior: dismiss and notify}Session ID: 6144b4860ac68d1ecd25a2816017c65eat org.openqa.selenium.remote.http.W3CHttpResponseCodec.createException(W3CHttpResponseCodec.java:187)at org.openqa.selenium.remote.http.W3CHttpResponseCodec.decode(W3CHttpResponseCodec.java:122)at org.openqa.selenium.remote.http.W3CHttpResponseCodec.decode(W3CHttpResponseCodec.java:49)at org.openqa.selenium.remote.HttpCommandExecutor.execute(HttpCommandExecutor.java:158)at org.openqa.selenium.remote.service.DriverCommandExecutor.execute(DriverCommandExecutor.java:83)at org.openqa.selenium.remote.RemoteWebDriver.execute(RemoteWebDriver.java:552)at org.openqa.selenium.remote.RemoteWebDriver.execute(RemoteWebDriver.java:609)at org.openqa.selenium.remote.RemoteWebDriver.close(RemoteWebDriver.java:442)at com.acti.Testcase.BaseTest.testverifyActiLogo1(BaseTest.java:33)... Removed 32 stack frames]]>
    </failure>
  </testcase> <!-- @AfterMethod testverifyActiLogo1 -->
  <testcase name="@AfterMethod testverifyActiLogo1" time="0.0" classname="com.acti.Testcase.BaseTest">
    <skipped/>
  </testcase> <!-- @AfterMethod testverifyActiLogo1 -->
  <testcase name="@AfterMethod testverifyActiLogo1" time="0.0" classname="com.acti.Testcase.BaseTest">
    <skipped/>
  </testcase> <!-- @AfterMethod testverifyActiLogo1 -->
  <testcase name="@AfterMethod testverifyActiLogo1" time="0.0" classname="com.acti.Testcase.BaseTest">
    <skipped/>
  </testcase> <!-- @AfterMethod testverifyActiLogo1 -->
  <testcase name="testCreateCustomer" time="0.005" classname="com.acti.Testcase.TestCreateCustomer">
    <failure type="java.lang.NullPointerException">
      <![CDATA[java.lang.NullPointerExceptionat com.acti.Testcase.TestCreateCustomer.testCreateCustomer(TestCreateCustomer.java:13)... Removed 25 stack frames]]>
    </failure>
  </testcase> <!-- testCreateCustomer -->
  <testcase name="testverifyActiLogo" time="0.068" classname="com.acti.Testcase.LoginPageTest">
    <failure type="org.openqa.selenium.NoSuchSessionException" message="invalid session id
Build info: version: &amp;apos;3.141.59&amp;apos;, revision: &amp;apos;e82be7d358&amp;apos;, time: &amp;apos;2018-11-14T08:17:03&amp;apos;
System info: host: &amp;apos;DESKTOP-884SLF0&amp;apos;, ip: &amp;apos;192.168.1.134&amp;apos;, os.name: &amp;apos;Windows 10&amp;apos;, os.arch: &amp;apos;amd64&amp;apos;, os.version: &amp;apos;10.0&amp;apos;, java.version: &amp;apos;1.8.0_241&amp;apos;
Driver info: org.openqa.selenium.chrome.ChromeDriver
Capabilities {acceptInsecureCerts: false, browserName: chrome, browserVersion: 81.0.4044.129, chrome: {chromedriverVersion: 80.0.3987.106 (f68069574609..., userDataDir: C:\Users\UMA\AppData\Local\...}, goog:chromeOptions: {debuggerAddress: localhost:65092}, javascriptEnabled: true, networkConnectionEnabled: false, pageLoadStrategy: normal, platform: WINDOWS, platformName: WINDOWS, proxy: Proxy(), setWindowRect: true, strictFileInteractability: false, timeouts: {implicit: 0, pageLoad: 300000, script: 30000}, unhandledPromptBehavior: dismiss and notify}
Session ID: 6144b4860ac68d1ecd25a2816017c65e
*** Element info: {Using=xpath, value=//div[@class=&amp;apos;atLogoImg&amp;apos;]}">
      <![CDATA[org.openqa.selenium.NoSuchSessionException: invalid session idBuild info: version: '3.141.59', revision: 'e82be7d358', time: '2018-11-14T08:17:03'System info: host: 'DESKTOP-884SLF0', ip: '192.168.1.134', os.name: 'Windows 10', os.arch: 'amd64', os.version: '10.0', java.version: '1.8.0_241'Driver info: org.openqa.selenium.chrome.ChromeDriverCapabilities {acceptInsecureCerts: false, browserName: chrome, browserVersion: 81.0.4044.129, chrome: {chromedriverVersion: 80.0.3987.106 (f68069574609..., userDataDir: C:\Users\UMA\AppData\Local\...}, goog:chromeOptions: {debuggerAddress: localhost:65092}, javascriptEnabled: true, networkConnectionEnabled: false, pageLoadStrategy: normal, platform: WINDOWS, platformName: WINDOWS, proxy: Proxy(), setWindowRect: true, strictFileInteractability: false, timeouts: {implicit: 0, pageLoad: 300000, script: 30000}, unhandledPromptBehavior: dismiss and notify}Session ID: 6144b4860ac68d1ecd25a2816017c65e*** Element info: {Using=xpath, value=//div[@class='atLogoImg']}at org.openqa.selenium.remote.http.W3CHttpResponseCodec.createException(W3CHttpResponseCodec.java:187)at org.openqa.selenium.remote.http.W3CHttpResponseCodec.decode(W3CHttpResponseCodec.java:122)at org.openqa.selenium.remote.http.W3CHttpResponseCodec.decode(W3CHttpResponseCodec.java:49)at org.openqa.selenium.remote.HttpCommandExecutor.execute(HttpCommandExecutor.java:158)at org.openqa.selenium.remote.service.DriverCommandExecutor.execute(DriverCommandExecutor.java:83)at org.openqa.selenium.remote.RemoteWebDriver.execute(RemoteWebDriver.java:552)at org.openqa.selenium.remote.RemoteWebDriver.findElement(RemoteWebDriver.java:323)at org.openqa.selenium.remote.RemoteWebDriver.findElementByXPath(RemoteWebDriver.java:428)at org.openqa.selenium.By$ByXPath.findElement(By.java:353)at org.openqa.selenium.remote.RemoteWebDriver.findElement(RemoteWebDriver.java:315)at org.openqa.selenium.support.pagefactory.DefaultElementLocator.findElement(DefaultElementLocator.java:69)at org.openqa.selenium.support.pagefactory.internal.LocatingElementHandler.invoke(LocatingElementHandler.java:38)at com.sun.proxy.$Proxy9.isDisplayed(Unknown Source)at com.acti.pages.Loginpage.verifyActiLogo(Loginpage.java:31)at com.acti.Testcase.LoginPageTest.testverifyActiLogo(LoginPageTest.java:23)... Removed 29 stack frames]]>
    </failure>
  </testcase> <!-- testverifyActiLogo -->
  <testcase name="testLoginpageTitle" time="0.0" classname="com.acti.Testcase.LoginPageTest">
    <skipped/>
  </testcase> <!-- testLoginpageTitle -->
  <testcase name="testvalidateLoginFunction" time="0.0" classname="com.acti.Testcase.LoginPageTest">
    <skipped/>
  </testcase> <!-- testvalidateLoginFunction -->
  <testcase name="testvalidateLoginFunction1" time="0.0" classname="com.acti.Testcase.LoginPageTest">
    <skipped/>
  </testcase> <!-- testvalidateLoginFunction1 -->
  <testcase name="@BeforeTest preTest" time="0.0" classname="com.acti.Testcase.BaseTest">
    <ignored/>
  </testcase> <!-- @BeforeTest preTest -->
  <testcase name="@BeforeTest preTest" time="0.0" classname="com.acti.Testcase.BaseTest">
    <ignored/>
  </testcase> <!-- @BeforeTest preTest -->
</testsuite> <!-- Test -->
